<?xml version="1.0" encoding="UTF-8"?>
<testng-results ignored="18" total="28" passed="8" failed="2" skipped="0">
  <reporter-output>
  </reporter-output>
  <suite started-at="2023-01-21T20:04:00 IST" name="Suite" finished-at="2023-01-21T20:06:30 IST" duration-ms="150231">
    <groups>
      <group name="invalid">
        <method signature="AddDryFruits.addDryFruits()[pri:2, instance:Scenarios.AddDryFruits@20b5f2ac]" name="addDryFruits" class="Scenarios.AddDryFruits"/>
        <method signature="AddFruits.AddFruits()[pri:3, instance:Scenarios.AddFruits@7fc44dec]" name="AddFruits" class="Scenarios.AddFruits"/>
        <method signature="AddVegetables.AddBrocolli()[pri:1, instance:Scenarios.AddVegetables@72445aba]" name="AddBrocolli" class="Scenarios.AddVegetables"/>
        <method signature="Add_MuskMelon.Add_MuskMelon()[pri:8, instance:Scenarios.Add_MuskMelon@74cadd41]" name="Add_MuskMelon" class="Scenarios.Add_MuskMelon"/>
        <method signature="Add_Tomato.add_Tomato()[pri:6, instance:Scenarios.Add_Tomato@2692b61e]" name="add_Tomato" class="Scenarios.Add_Tomato"/>
        <method signature="Add_Walnuts.Add_Walnuts()[pri:7, instance:Scenarios.Add_Walnuts@7b64240d]" name="Add_Walnuts" class="Scenarios.Add_Walnuts"/>
        <method signature="Flight_Booking.flight_booking()[pri:5, instance:Scenarios.Flight_Booking@293d0107]" name="flight_booking" class="Scenarios.Flight_Booking"/>
        <method signature="ItemPrice.ItemPrice()[pri:9, instance:Scenarios.ItemPrice@2e54db99]" name="ItemPrice" class="Scenarios.ItemPrice"/>
        <method signature="Remove_From_ItemPrice.Remove_From_ItemPrice()[pri:10, instance:Scenarios.Remove_From_ItemPrice@55e8ec2f]" name="Remove_From_ItemPrice" class="Scenarios.Remove_From_ItemPrice"/>
        <method signature="Top_Deals.TopDeals()[pri:4, instance:Scenarios.Top_Deals@7e3060d8]" name="TopDeals" class="Scenarios.Top_Deals"/>
      </group> <!-- invalid -->
      <group name="sanity">
        <method signature="AddDryFruits.addDryFruits()[pri:2, instance:Scenarios.AddDryFruits@20b5f2ac]" name="addDryFruits" class="Scenarios.AddDryFruits"/>
        <method signature="AddFruits.AddFruits()[pri:3, instance:Scenarios.AddFruits@7fc44dec]" name="AddFruits" class="Scenarios.AddFruits"/>
        <method signature="AddVegetables.AddBrocolli()[pri:1, instance:Scenarios.AddVegetables@72445aba]" name="AddBrocolli" class="Scenarios.AddVegetables"/>
        <method signature="Add_MuskMelon.Add_MuskMelon()[pri:8, instance:Scenarios.Add_MuskMelon@74cadd41]" name="Add_MuskMelon" class="Scenarios.Add_MuskMelon"/>
        <method signature="Add_Tomato.add_Tomato()[pri:6, instance:Scenarios.Add_Tomato@2692b61e]" name="add_Tomato" class="Scenarios.Add_Tomato"/>
        <method signature="Add_Walnuts.Add_Walnuts()[pri:7, instance:Scenarios.Add_Walnuts@7b64240d]" name="Add_Walnuts" class="Scenarios.Add_Walnuts"/>
        <method signature="Flight_Booking.flight_booking()[pri:5, instance:Scenarios.Flight_Booking@293d0107]" name="flight_booking" class="Scenarios.Flight_Booking"/>
        <method signature="ItemPrice.ItemPrice()[pri:9, instance:Scenarios.ItemPrice@2e54db99]" name="ItemPrice" class="Scenarios.ItemPrice"/>
        <method signature="Remove_From_ItemPrice.Remove_From_ItemPrice()[pri:10, instance:Scenarios.Remove_From_ItemPrice@55e8ec2f]" name="Remove_From_ItemPrice" class="Scenarios.Remove_From_ItemPrice"/>
        <method signature="Top_Deals.TopDeals()[pri:4, instance:Scenarios.Top_Deals@7e3060d8]" name="TopDeals" class="Scenarios.Top_Deals"/>
      </group> <!-- sanity -->
    </groups>
    <test started-at="2023-01-21T20:04:00 IST" name="Test" finished-at="2023-01-21T20:06:30 IST" duration-ms="150231">
      <class name="Scenarios.Add_Walnuts">
        <test-method is-config="true" signature="initializeWebDriver()[pri:0, instance:Scenarios.Add_Walnuts@7b64240d]" started-at="2023-01-21T20:05:24 IST" name="initializeWebDriver" finished-at="2023-01-21T20:05:25 IST" duration-ms="1332" status="PASS">
          <reporter-output>
          </reporter-output>
        </test-method> <!-- initializeWebDriver -->
        <test-method is-config="true" signature="navigateSite()[pri:0, instance:Scenarios.Add_Walnuts@7b64240d]" started-at="2023-01-21T20:05:25 IST" name="navigateSite" finished-at="2023-01-21T20:05:27 IST" duration-ms="1254" status="PASS">
          <reporter-output>
          </reporter-output>
        </test-method> <!-- navigateSite -->
        <test-method signature="Add_Walnuts()[pri:7, instance:Scenarios.Add_Walnuts@7b64240d]" started-at="2023-01-21T20:05:27 IST" name="Add_Walnuts" finished-at="2023-01-21T20:05:29 IST" duration-ms="2339" status="PASS">
          <reporter-output>
          </reporter-output>
        </test-method> <!-- Add_Walnuts -->
        <test-method is-config="true" signature="startTest(java.lang.reflect.Method)[pri:0, instance:Scenarios.Add_Walnuts@7b64240d]" started-at="2023-01-21T20:05:27 IST" name="startTest" finished-at="2023-01-21T20:05:27 IST" duration-ms="0" status="PASS">
          <params>
            <param index="0">
              <value>
                <![CDATA[public void Scenarios.Add_Walnuts.Add_Walnuts() throws java.lang.InterruptedException]]>
              </value>
            </param>
          </params>
          <reporter-output>
          </reporter-output>
        </test-method> <!-- startTest -->
        <test-method is-config="true" signature="resultTest(org.testng.ITestResult)[pri:0, instance:Scenarios.Add_Walnuts@7b64240d]" started-at="2023-01-21T20:05:29 IST" name="resultTest" finished-at="2023-01-21T20:05:30 IST" duration-ms="623" status="PASS">
          <params>
            <param index="0">
              <value>
                <![CDATA[[TestResult name=Add_Walnuts status=SUCCESS method=Add_Walnuts.Add_Walnuts()[pri:7, instance:Scenarios.Add_Walnuts@7b64240d] output={null}]]]>
              </value>
            </param>
          </params>
          <reporter-output>
          </reporter-output>
        </test-method> <!-- resultTest -->
      </class> <!-- Scenarios.Add_Walnuts -->
      <class name="Scenarios.Add_MuskMelon">
        <test-method is-config="true" signature="initializeWebDriver()[pri:0, instance:Scenarios.Add_MuskMelon@74cadd41]" started-at="2023-01-21T20:05:30 IST" name="initializeWebDriver" finished-at="2023-01-21T20:05:31 IST" duration-ms="1305" status="PASS">
          <reporter-output>
          </reporter-output>
        </test-method> <!-- initializeWebDriver -->
        <test-method is-config="true" signature="navigateSite()[pri:0, instance:Scenarios.Add_MuskMelon@74cadd41]" started-at="2023-01-21T20:05:31 IST" name="navigateSite" finished-at="2023-01-21T20:05:32 IST" duration-ms="790" status="PASS">
          <reporter-output>
          </reporter-output>
        </test-method> <!-- navigateSite -->
        <test-method signature="Add_MuskMelon()[pri:8, instance:Scenarios.Add_MuskMelon@74cadd41]" started-at="2023-01-21T20:05:32 IST" name="Add_MuskMelon" finished-at="2023-01-21T20:05:44 IST" duration-ms="11758" status="PASS">
          <reporter-output>
          </reporter-output>
        </test-method> <!-- Add_MuskMelon -->
        <test-method is-config="true" signature="startTest(java.lang.reflect.Method)[pri:0, instance:Scenarios.Add_MuskMelon@74cadd41]" started-at="2023-01-21T20:05:32 IST" name="startTest" finished-at="2023-01-21T20:05:32 IST" duration-ms="0" status="PASS">
          <params>
            <param index="0">
              <value>
                <![CDATA[public void Scenarios.Add_MuskMelon.Add_MuskMelon() throws java.lang.InterruptedException]]>
              </value>
            </param>
          </params>
          <reporter-output>
          </reporter-output>
        </test-method> <!-- startTest -->
        <test-method is-config="true" signature="resultTest(org.testng.ITestResult)[pri:0, instance:Scenarios.Add_MuskMelon@74cadd41]" started-at="2023-01-21T20:05:44 IST" name="resultTest" finished-at="2023-01-21T20:05:44 IST" duration-ms="704" status="PASS">
          <params>
            <param index="0">
              <value>
                <![CDATA[[TestResult name=Add_MuskMelon status=SUCCESS method=Add_MuskMelon.Add_MuskMelon()[pri:8, instance:Scenarios.Add_MuskMelon@74cadd41] output={null}]]]>
              </value>
            </param>
          </params>
          <reporter-output>
          </reporter-output>
        </test-method> <!-- resultTest -->
      </class> <!-- Scenarios.Add_MuskMelon -->
      <class name="Scenarios.AddVegetables">
        <test-method is-config="true" signature="setExtent()[pri:0, instance:Scenarios.AddVegetables@72445aba]" started-at="2023-01-21T20:03:59 IST" name="setExtent" finished-at="2023-01-21T20:04:00 IST" duration-ms="114" status="PASS">
          <reporter-output>
          </reporter-output>
        </test-method> <!-- setExtent -->
        <test-method is-config="true" signature="initializeWebDriver()[pri:0, instance:Scenarios.AddVegetables@72445aba]" started-at="2023-01-21T20:04:00 IST" name="initializeWebDriver" finished-at="2023-01-21T20:04:01 IST" duration-ms="1739" status="PASS">
          <reporter-output>
          </reporter-output>
        </test-method> <!-- initializeWebDriver -->
        <test-method is-config="true" signature="navigateSite()[pri:0, instance:Scenarios.AddVegetables@72445aba]" started-at="2023-01-21T20:04:01 IST" name="navigateSite" finished-at="2023-01-21T20:04:06 IST" duration-ms="4822" status="PASS">
          <reporter-output>
          </reporter-output>
        </test-method> <!-- navigateSite -->
        <test-method is-config="true" signature="startTest(java.lang.reflect.Method)[pri:0, instance:Scenarios.AddVegetables@72445aba]" started-at="2023-01-21T20:04:06 IST" name="startTest" finished-at="2023-01-21T20:04:06 IST" duration-ms="8" status="PASS">
          <params>
            <param index="0">
              <value>
                <![CDATA[public void Scenarios.AddVegetables.AddBrocolli() throws java.lang.InterruptedException]]>
              </value>
            </param>
          </params>
          <reporter-output>
          </reporter-output>
        </test-method> <!-- startTest -->
        <test-method signature="AddBrocolli()[pri:1, instance:Scenarios.AddVegetables@72445aba]" started-at="2023-01-21T20:04:06 IST" name="AddBrocolli" finished-at="2023-01-21T20:04:08 IST" duration-ms="1540" status="PASS">
          <reporter-output>
          </reporter-output>
        </test-method> <!-- AddBrocolli -->
        <test-method is-config="true" signature="resultTest(org.testng.ITestResult)[pri:0, instance:Scenarios.AddVegetables@72445aba]" started-at="2023-01-21T20:04:08 IST" name="resultTest" finished-at="2023-01-21T20:04:08 IST" duration-ms="664" status="PASS">
          <params>
            <param index="0">
              <value>
                <![CDATA[[TestResult name=AddBrocolli status=SUCCESS method=AddVegetables.AddBrocolli()[pri:1, instance:Scenarios.AddVegetables@72445aba] output={null}]]]>
              </value>
            </param>
          </params>
          <reporter-output>
          </reporter-output>
        </test-method> <!-- resultTest -->
        <test-method is-config="true" signature="endReport()[pri:0, instance:Scenarios.AddVegetables@72445aba]" started-at="2023-01-21T20:06:30 IST" name="endReport" finished-at="2023-01-21T20:06:30 IST" duration-ms="571" status="PASS">
          <reporter-output>
          </reporter-output>
        </test-method> <!-- endReport -->
      </class> <!-- Scenarios.AddVegetables -->
      <class name="Scenarios.Flight_Booking">
        <test-method is-config="true" signature="initializeWebDriver()[pri:0, instance:Scenarios.Flight_Booking@293d0107]" started-at="2023-01-21T20:04:55 IST" name="initializeWebDriver" finished-at="2023-01-21T20:04:57 IST" duration-ms="1264" status="PASS">
          <reporter-output>
          </reporter-output>
        </test-method> <!-- initializeWebDriver -->
        <test-method is-config="true" signature="navigateSite()[pri:0, instance:Scenarios.Flight_Booking@293d0107]" started-at="2023-01-21T20:04:57 IST" name="navigateSite" finished-at="2023-01-21T20:04:57 IST" duration-ms="830" status="PASS">
          <reporter-output>
          </reporter-output>
        </test-method> <!-- navigateSite -->
        <test-method signature="flight_booking()[pri:5, instance:Scenarios.Flight_Booking@293d0107]" started-at="2023-01-21T20:04:57 IST" name="flight_booking" finished-at="2023-01-21T20:05:18 IST" duration-ms="20181" status="FAIL">
          <exception class="org.openqa.selenium.NoSuchElementException">
            <message>
              <![CDATA[no such element: Unable to locate element: {"method":"xpath","selector":"//input[@class='inputs ui-autocomplete-input valid']"}
  (Session info: chrome=109.0.5414.75)
For documentation on this error, please visit: https://www.seleniumhq.org/exceptions/no_such_element.html
Build info: version: '3.141.59', revision: 'e82be7d358', time: '2018-11-14T08:25:48'
System info: host: 'IN-J7W0BK3', ip: '192.168.1.110', os.name: 'Windows 10', os.arch: 'amd64', os.version: '10.0', java.version: '11.0.1'
Driver info: org.openqa.selenium.chrome.ChromeDriver
Capabilities {acceptInsecureCerts: false, browserName: chrome, browserVersion: 109.0.5414.75, chrome: {chromedriverVersion: 108.0.5359.71 (1e0e3868ee06..., userDataDir: C:\Users\arun02\AppData\Loc...}, goog:chromeOptions: {debuggerAddress: localhost:59497}, javascriptEnabled: true, networkConnectionEnabled: false, pageLoadStrategy: normal, platform: WINDOWS, platformName: WINDOWS, proxy: Proxy(), setWindowRect: true, strictFileInteractability: false, timeouts: {implicit: 0, pageLoad: 300000, script: 30000}, unhandledPromptBehavior: dismiss and notify, webauthn:extension:credBlob: true, webauthn:extension:largeBlob: true, webauthn:virtualAuthenticators: true}
Session ID: d129b1c5a6d5dfa18faa45cbbd4c728d
*** Element info: {Using=xpath, value=//input[@class='inputs ui-autocomplete-input valid']}]]>
            </message>
            <full-stacktrace>
              <![CDATA[org.openqa.selenium.NoSuchElementException: no such element: Unable to locate element: {"method":"xpath","selector":"//input[@class='inputs ui-autocomplete-input valid']"}
  (Session info: chrome=109.0.5414.75)
For documentation on this error, please visit: https://www.seleniumhq.org/exceptions/no_such_element.html
Build info: version: '3.141.59', revision: 'e82be7d358', time: '2018-11-14T08:25:48'
System info: host: 'IN-J7W0BK3', ip: '192.168.1.110', os.name: 'Windows 10', os.arch: 'amd64', os.version: '10.0', java.version: '11.0.1'
Driver info: org.openqa.selenium.chrome.ChromeDriver
Capabilities {acceptInsecureCerts: false, browserName: chrome, browserVersion: 109.0.5414.75, chrome: {chromedriverVersion: 108.0.5359.71 (1e0e3868ee06..., userDataDir: C:\Users\arun02\AppData\Loc...}, goog:chromeOptions: {debuggerAddress: localhost:59497}, javascriptEnabled: true, networkConnectionEnabled: false, pageLoadStrategy: normal, platform: WINDOWS, platformName: WINDOWS, proxy: Proxy(), setWindowRect: true, strictFileInteractability: false, timeouts: {implicit: 0, pageLoad: 300000, script: 30000}, unhandledPromptBehavior: dismiss and notify, webauthn:extension:credBlob: true, webauthn:extension:largeBlob: true, webauthn:virtualAuthenticators: true}
Session ID: d129b1c5a6d5dfa18faa45cbbd4c728d
*** Element info: {Using=xpath, value=//input[@class='inputs ui-autocomplete-input valid']}
at java.base/jdk.internal.reflect.NativeConstructorAccessorImpl.newInstance0(Native Method)
at java.base/jdk.internal.reflect.NativeConstructorAccessorImpl.newInstance(NativeConstructorAccessorImpl.java:62)
at java.base/jdk.internal.reflect.DelegatingConstructorAccessorImpl.newInstance(DelegatingConstructorAccessorImpl.java:45)
at java.base/java.lang.reflect.Constructor.newInstance(Constructor.java:490)
at org.openqa.selenium.remote.http.W3CHttpResponseCodec.createException(W3CHttpResponseCodec.java:187)
at org.openqa.selenium.remote.http.W3CHttpResponseCodec.decode(W3CHttpResponseCodec.java:122)
at org.openqa.selenium.remote.http.W3CHttpResponseCodec.decode(W3CHttpResponseCodec.java:49)
at org.openqa.selenium.remote.HttpCommandExecutor.execute(HttpCommandExecutor.java:158)
at org.openqa.selenium.remote.service.DriverCommandExecutor.execute(DriverCommandExecutor.java:83)
at org.openqa.selenium.remote.RemoteWebDriver.execute(RemoteWebDriver.java:552)
at org.openqa.selenium.remote.RemoteWebDriver.findElement(RemoteWebDriver.java:323)
at org.openqa.selenium.remote.RemoteWebDriver.findElementByXPath(RemoteWebDriver.java:428)
at org.openqa.selenium.By$ByXPath.findElement(By.java:353)
at org.openqa.selenium.remote.RemoteWebDriver.findElement(RemoteWebDriver.java:315)
at org.openqa.selenium.support.pagefactory.DefaultElementLocator.findElement(DefaultElementLocator.java:69)
at org.openqa.selenium.support.pagefactory.internal.LocatingElementHandler.invoke(LocatingElementHandler.java:38)
at com.sun.proxy.$Proxy30.sendKeys(Unknown Source)
at POM.FlightBooking_Page.fill_Country(FlightBooking_Page.java:25)
at Scenarios.Flight_Booking.flight_booking(Flight_Booking.java:17)
at java.base/jdk.internal.reflect.NativeMethodAccessorImpl.invoke0(Native Method)
at java.base/jdk.internal.reflect.NativeMethodAccessorImpl.invoke(NativeMethodAccessorImpl.java:62)
at java.base/jdk.internal.reflect.DelegatingMethodAccessorImpl.invoke(DelegatingMethodAccessorImpl.java:43)
at java.base/java.lang.reflect.Method.invoke(Method.java:566)
at org.testng.internal.MethodInvocationHelper.invokeMethod(MethodInvocationHelper.java:133)
at org.testng.internal.TestInvoker.invokeMethod(TestInvoker.java:598)
at org.testng.internal.TestInvoker.invokeTestMethod(TestInvoker.java:173)
at org.testng.internal.MethodRunner.runInSequence(MethodRunner.java:46)
at org.testng.internal.TestInvoker$MethodInvocationAgent.invoke(TestInvoker.java:824)
at org.testng.internal.TestInvoker.invokeTestMethods(TestInvoker.java:146)
at org.testng.internal.TestMethodWorker.invokeTestMethods(TestMethodWorker.java:146)
at org.testng.internal.TestMethodWorker.run(TestMethodWorker.java:128)
at java.base/java.util.ArrayList.forEach(ArrayList.java:1540)
at org.testng.TestRunner.privateRun(TestRunner.java:794)
at org.testng.TestRunner.run(TestRunner.java:596)
at org.testng.SuiteRunner.runTest(SuiteRunner.java:377)
at org.testng.SuiteRunner.runSequentially(SuiteRunner.java:371)
at org.testng.SuiteRunner.privateRun(SuiteRunner.java:332)
at org.testng.SuiteRunner.run(SuiteRunner.java:276)
at org.testng.SuiteRunnerWorker.runSuite(SuiteRunnerWorker.java:53)
at org.testng.SuiteRunnerWorker.run(SuiteRunnerWorker.java:96)
at org.testng.TestNG.runSuitesSequentially(TestNG.java:1212)
at org.testng.TestNG.runSuitesLocally(TestNG.java:1134)
at org.testng.TestNG.runSuites(TestNG.java:1063)
at org.testng.TestNG.run(TestNG.java:1031)
at org.testng.remote.AbstractRemoteTestNG.run(AbstractRemoteTestNG.java:115)
at org.testng.remote.RemoteTestNG.initAndRun(RemoteTestNG.java:251)
at org.testng.remote.RemoteTestNG.main(RemoteTestNG.java:77)
]]>
            </full-stacktrace>
          </exception> <!-- org.openqa.selenium.NoSuchElementException -->
          <reporter-output>
          </reporter-output>
        </test-method> <!-- flight_booking -->
        <test-method is-config="true" signature="startTest(java.lang.reflect.Method)[pri:0, instance:Scenarios.Flight_Booking@293d0107]" started-at="2023-01-21T20:04:57 IST" name="startTest" finished-at="2023-01-21T20:04:57 IST" duration-ms="0" status="PASS">
          <params>
            <param index="0">
              <value>
                <![CDATA[public void Scenarios.Flight_Booking.flight_booking()]]>
              </value>
            </param>
          </params>
          <reporter-output>
          </reporter-output>
        </test-method> <!-- startTest -->
        <test-method is-config="true" signature="resultTest(org.testng.ITestResult)[pri:0, instance:Scenarios.Flight_Booking@293d0107]" started-at="2023-01-21T20:05:18 IST" name="resultTest" finished-at="2023-01-21T20:05:19 IST" duration-ms="1204" status="PASS">
          <params>
            <param index="0">
              <value>
                <![CDATA[[TestResult name=flight_booking status=FAILURE method=Flight_Booking.flight_booking()[pri:5, instance:Scenarios.Flight_Booking@293d0107] output={null}]]]>
              </value>
            </param>
          </params>
          <reporter-output>
          </reporter-output>
        </test-method> <!-- resultTest -->
      </class> <!-- Scenarios.Flight_Booking -->
      <class name="Scenarios.ItemPrice">
        <test-method is-config="true" signature="initializeWebDriver()[pri:0, instance:Scenarios.ItemPrice@2e54db99]" started-at="2023-01-21T20:05:44 IST" name="initializeWebDriver" finished-at="2023-01-21T20:05:46 IST" duration-ms="1357" status="PASS">
          <reporter-output>
          </reporter-output>
        </test-method> <!-- initializeWebDriver -->
        <test-method is-config="true" signature="navigateSite()[pri:0, instance:Scenarios.ItemPrice@2e54db99]" started-at="2023-01-21T20:05:46 IST" name="navigateSite" finished-at="2023-01-21T20:05:46 IST" duration-ms="788" status="PASS">
          <reporter-output>
          </reporter-output>
        </test-method> <!-- navigateSite -->
        <test-method is-config="true" signature="startTest(java.lang.reflect.Method)[pri:0, instance:Scenarios.ItemPrice@2e54db99]" started-at="2023-01-21T20:05:46 IST" name="startTest" finished-at="2023-01-21T20:05:46 IST" duration-ms="0" status="PASS">
          <params>
            <param index="0">
              <value>
                <![CDATA[public void Scenarios.ItemPrice.ItemPrice() throws java.lang.InterruptedException]]>
              </value>
            </param>
          </params>
          <reporter-output>
          </reporter-output>
        </test-method> <!-- startTest -->
        <test-method signature="ItemPrice()[pri:9, instance:Scenarios.ItemPrice@2e54db99]" started-at="2023-01-21T20:05:46 IST" name="ItemPrice" finished-at="2023-01-21T20:06:00 IST" duration-ms="13141" status="PASS">
          <reporter-output>
          </reporter-output>
        </test-method> <!-- ItemPrice -->
        <test-method is-config="true" signature="resultTest(org.testng.ITestResult)[pri:0, instance:Scenarios.ItemPrice@2e54db99]" started-at="2023-01-21T20:06:00 IST" name="resultTest" finished-at="2023-01-21T20:06:00 IST" duration-ms="703" status="PASS">
          <params>
            <param index="0">
              <value>
                <![CDATA[[TestResult name=ItemPrice status=SUCCESS method=ItemPrice.ItemPrice()[pri:9, instance:Scenarios.ItemPrice@2e54db99] output={null}]]]>
              </value>
            </param>
          </params>
          <reporter-output>
          </reporter-output>
        </test-method> <!-- resultTest -->
      </class> <!-- Scenarios.ItemPrice -->
      <class name="Scenarios.AddFruits">
        <test-method is-config="true" signature="initializeWebDriver()[pri:0, instance:Scenarios.AddFruits@7fc44dec]" started-at="2023-01-21T20:04:20 IST" name="initializeWebDriver" finished-at="2023-01-21T20:04:22 IST" duration-ms="1283" status="PASS">
          <reporter-output>
          </reporter-output>
        </test-method> <!-- initializeWebDriver -->
        <test-method is-config="true" signature="navigateSite()[pri:0, instance:Scenarios.AddFruits@7fc44dec]" started-at="2023-01-21T20:04:22 IST" name="navigateSite" finished-at="2023-01-21T20:04:24 IST" duration-ms="1947" status="PASS">
          <reporter-output>
          </reporter-output>
        </test-method> <!-- navigateSite -->
        <test-method is-config="true" signature="startTest(java.lang.reflect.Method)[pri:0, instance:Scenarios.AddFruits@7fc44dec]" started-at="2023-01-21T20:04:24 IST" name="startTest" finished-at="2023-01-21T20:04:24 IST" duration-ms="1" status="PASS">
          <params>
            <param index="0">
              <value>
                <![CDATA[public void Scenarios.AddFruits.AddFruits() throws java.lang.InterruptedException]]>
              </value>
            </param>
          </params>
          <reporter-output>
          </reporter-output>
        </test-method> <!-- startTest -->
        <test-method signature="AddFruits()[pri:3, instance:Scenarios.AddFruits@7fc44dec]" started-at="2023-01-21T20:04:24 IST" name="AddFruits" finished-at="2023-01-21T20:04:29 IST" duration-ms="5615" status="PASS">
          <reporter-output>
          </reporter-output>
        </test-method> <!-- AddFruits -->
        <test-method is-config="true" signature="resultTest(org.testng.ITestResult)[pri:0, instance:Scenarios.AddFruits@7fc44dec]" started-at="2023-01-21T20:04:29 IST" name="resultTest" finished-at="2023-01-21T20:04:30 IST" duration-ms="758" status="PASS">
          <params>
            <param index="0">
              <value>
                <![CDATA[[TestResult name=AddFruits status=SUCCESS method=AddFruits.AddFruits()[pri:3, instance:Scenarios.AddFruits@7fc44dec] output={null}]]]>
              </value>
            </param>
          </params>
          <reporter-output>
          </reporter-output>
        </test-method> <!-- resultTest -->
      </class> <!-- Scenarios.AddFruits -->
      <class name="Scenarios.AddDryFruits">
        <test-method is-config="true" signature="initializeWebDriver()[pri:0, instance:Scenarios.AddDryFruits@20b5f2ac]" started-at="2023-01-21T20:04:08 IST" name="initializeWebDriver" finished-at="2023-01-21T20:04:10 IST" duration-ms="1283" status="PASS">
          <reporter-output>
          </reporter-output>
        </test-method> <!-- initializeWebDriver -->
        <test-method is-config="true" signature="navigateSite()[pri:0, instance:Scenarios.AddDryFruits@20b5f2ac]" started-at="2023-01-21T20:04:10 IST" name="navigateSite" finished-at="2023-01-21T20:04:15 IST" duration-ms="5039" status="PASS">
          <reporter-output>
          </reporter-output>
        </test-method> <!-- navigateSite -->
        <test-method is-config="true" signature="startTest(java.lang.reflect.Method)[pri:0, instance:Scenarios.AddDryFruits@20b5f2ac]" started-at="2023-01-21T20:04:15 IST" name="startTest" finished-at="2023-01-21T20:04:15 IST" duration-ms="1" status="PASS">
          <params>
            <param index="0">
              <value>
                <![CDATA[public void Scenarios.AddDryFruits.addDryFruits() throws java.lang.InterruptedException]]>
              </value>
            </param>
          </params>
          <reporter-output>
          </reporter-output>
        </test-method> <!-- startTest -->
        <test-method signature="addDryFruits()[pri:2, instance:Scenarios.AddDryFruits@20b5f2ac]" started-at="2023-01-21T20:04:15 IST" name="addDryFruits" finished-at="2023-01-21T20:04:20 IST" duration-ms="4875" status="PASS">
          <reporter-output>
          </reporter-output>
        </test-method> <!-- addDryFruits -->
        <test-method is-config="true" signature="resultTest(org.testng.ITestResult)[pri:0, instance:Scenarios.AddDryFruits@20b5f2ac]" started-at="2023-01-21T20:04:20 IST" name="resultTest" finished-at="2023-01-21T20:04:20 IST" duration-ms="719" status="PASS">
          <params>
            <param index="0">
              <value>
                <![CDATA[[TestResult name=addDryFruits status=SUCCESS method=AddDryFruits.addDryFruits()[pri:2, instance:Scenarios.AddDryFruits@20b5f2ac] output={null}]]]>
              </value>
            </param>
          </params>
          <reporter-output>
          </reporter-output>
        </test-method> <!-- resultTest -->
      </class> <!-- Scenarios.AddDryFruits -->
      <class name="Scenarios.Top_Deals">
        <test-method is-config="true" signature="initializeWebDriver()[pri:0, instance:Scenarios.Top_Deals@7e3060d8]" started-at="2023-01-21T20:04:30 IST" name="initializeWebDriver" finished-at="2023-01-21T20:04:31 IST" duration-ms="1285" status="PASS">
          <reporter-output>
          </reporter-output>
        </test-method> <!-- initializeWebDriver -->
        <test-method is-config="true" signature="navigateSite()[pri:0, instance:Scenarios.Top_Deals@7e3060d8]" started-at="2023-01-21T20:04:31 IST" name="navigateSite" finished-at="2023-01-21T20:04:32 IST" duration-ms="843" status="PASS">
          <reporter-output>
          </reporter-output>
        </test-method> <!-- navigateSite -->
        <test-method is-config="true" signature="startTest(java.lang.reflect.Method)[pri:0, instance:Scenarios.Top_Deals@7e3060d8]" started-at="2023-01-21T20:04:32 IST" name="startTest" finished-at="2023-01-21T20:04:32 IST" duration-ms="0" status="PASS">
          <params>
            <param index="0">
              <value>
                <![CDATA[public void Scenarios.Top_Deals.TopDeals() throws java.lang.InterruptedException]]>
              </value>
            </param>
          </params>
          <reporter-output>
          </reporter-output>
        </test-method> <!-- startTest -->
        <test-method signature="TopDeals()[pri:4, instance:Scenarios.Top_Deals@7e3060d8]" started-at="2023-01-21T20:04:32 IST" name="TopDeals" finished-at="2023-01-21T20:04:54 IST" duration-ms="22246" status="FAIL">
          <exception class="org.openqa.selenium.NoSuchElementException">
            <message>
              <![CDATA[no such element: Unable to locate element: {"method":"partial link text","selector":"#"}
  (Session info: chrome=109.0.5414.75)
For documentation on this error, please visit: https://www.seleniumhq.org/exceptions/no_such_element.html
Build info: version: '3.141.59', revision: 'e82be7d358', time: '2018-11-14T08:25:48'
System info: host: 'IN-J7W0BK3', ip: '192.168.1.110', os.name: 'Windows 10', os.arch: 'amd64', os.version: '10.0', java.version: '11.0.1'
Driver info: org.openqa.selenium.chrome.ChromeDriver
Capabilities {acceptInsecureCerts: false, browserName: chrome, browserVersion: 109.0.5414.75, chrome: {chromedriverVersion: 108.0.5359.71 (1e0e3868ee06..., userDataDir: C:\Users\arun02\AppData\Loc...}, goog:chromeOptions: {debuggerAddress: localhost:59461}, javascriptEnabled: true, networkConnectionEnabled: false, pageLoadStrategy: normal, platform: WINDOWS, platformName: WINDOWS, proxy: Proxy(), setWindowRect: true, strictFileInteractability: false, timeouts: {implicit: 0, pageLoad: 300000, script: 30000}, unhandledPromptBehavior: dismiss and notify, webauthn:extension:credBlob: true, webauthn:extension:largeBlob: true, webauthn:virtualAuthenticators: true}
Session ID: b36a3da8e3f68e4ccdc1f8d1a1a7b8fe
*** Element info: {Using=partial link text, value=#}]]>
            </message>
            <full-stacktrace>
              <![CDATA[org.openqa.selenium.NoSuchElementException: no such element: Unable to locate element: {"method":"partial link text","selector":"#"}
  (Session info: chrome=109.0.5414.75)
For documentation on this error, please visit: https://www.seleniumhq.org/exceptions/no_such_element.html
Build info: version: '3.141.59', revision: 'e82be7d358', time: '2018-11-14T08:25:48'
System info: host: 'IN-J7W0BK3', ip: '192.168.1.110', os.name: 'Windows 10', os.arch: 'amd64', os.version: '10.0', java.version: '11.0.1'
Driver info: org.openqa.selenium.chrome.ChromeDriver
Capabilities {acceptInsecureCerts: false, browserName: chrome, browserVersion: 109.0.5414.75, chrome: {chromedriverVersion: 108.0.5359.71 (1e0e3868ee06..., userDataDir: C:\Users\arun02\AppData\Loc...}, goog:chromeOptions: {debuggerAddress: localhost:59461}, javascriptEnabled: true, networkConnectionEnabled: false, pageLoadStrategy: normal, platform: WINDOWS, platformName: WINDOWS, proxy: Proxy(), setWindowRect: true, strictFileInteractability: false, timeouts: {implicit: 0, pageLoad: 300000, script: 30000}, unhandledPromptBehavior: dismiss and notify, webauthn:extension:credBlob: true, webauthn:extension:largeBlob: true, webauthn:virtualAuthenticators: true}
Session ID: b36a3da8e3f68e4ccdc1f8d1a1a7b8fe
*** Element info: {Using=partial link text, value=#}
at java.base/jdk.internal.reflect.NativeConstructorAccessorImpl.newInstance0(Native Method)
at java.base/jdk.internal.reflect.NativeConstructorAccessorImpl.newInstance(NativeConstructorAccessorImpl.java:62)
at java.base/jdk.internal.reflect.DelegatingConstructorAccessorImpl.newInstance(DelegatingConstructorAccessorImpl.java:45)
at java.base/java.lang.reflect.Constructor.newInstance(Constructor.java:490)
at org.openqa.selenium.remote.http.W3CHttpResponseCodec.createException(W3CHttpResponseCodec.java:187)
at org.openqa.selenium.remote.http.W3CHttpResponseCodec.decode(W3CHttpResponseCodec.java:122)
at org.openqa.selenium.remote.http.W3CHttpResponseCodec.decode(W3CHttpResponseCodec.java:49)
at org.openqa.selenium.remote.HttpCommandExecutor.execute(HttpCommandExecutor.java:158)
at org.openqa.selenium.remote.service.DriverCommandExecutor.execute(DriverCommandExecutor.java:83)
at org.openqa.selenium.remote.RemoteWebDriver.execute(RemoteWebDriver.java:552)
at org.openqa.selenium.remote.RemoteWebDriver.findElement(RemoteWebDriver.java:323)
at org.openqa.selenium.remote.RemoteWebDriver.findElementByPartialLinkText(RemoteWebDriver.java:388)
at org.openqa.selenium.By$ByPartialLinkText.findElement(By.java:250)
at org.openqa.selenium.remote.RemoteWebDriver.findElement(RemoteWebDriver.java:315)
at org.openqa.selenium.support.pagefactory.DefaultElementLocator.findElement(DefaultElementLocator.java:69)
at org.openqa.selenium.support.pagefactory.internal.LocatingElementHandler.invoke(LocatingElementHandler.java:38)
at com.sun.proxy.$Proxy30.click(Unknown Source)
at POM.TopDeals_Page.tabOnNextPage(TopDeals_Page.java:44)
at Scenarios.Top_Deals.TopDeals(Top_Deals.java:15)
at java.base/jdk.internal.reflect.NativeMethodAccessorImpl.invoke0(Native Method)
at java.base/jdk.internal.reflect.NativeMethodAccessorImpl.invoke(NativeMethodAccessorImpl.java:62)
at java.base/jdk.internal.reflect.DelegatingMethodAccessorImpl.invoke(DelegatingMethodAccessorImpl.java:43)
at java.base/java.lang.reflect.Method.invoke(Method.java:566)
at org.testng.internal.MethodInvocationHelper.invokeMethod(MethodInvocationHelper.java:133)
at org.testng.internal.TestInvoker.invokeMethod(TestInvoker.java:598)
at org.testng.internal.TestInvoker.invokeTestMethod(TestInvoker.java:173)
at org.testng.internal.MethodRunner.runInSequence(MethodRunner.java:46)
at org.testng.internal.TestInvoker$MethodInvocationAgent.invoke(TestInvoker.java:824)
at org.testng.internal.TestInvoker.invokeTestMethods(TestInvoker.java:146)
at org.testng.internal.TestMethodWorker.invokeTestMethods(TestMethodWorker.java:146)
at org.testng.internal.TestMethodWorker.run(TestMethodWorker.java:128)
at java.base/java.util.ArrayList.forEach(ArrayList.java:1540)
at org.testng.TestRunner.privateRun(TestRunner.java:794)
at org.testng.TestRunner.run(TestRunner.java:596)
at org.testng.SuiteRunner.runTest(SuiteRunner.java:377)
at org.testng.SuiteRunner.runSequentially(SuiteRunner.java:371)
at org.testng.SuiteRunner.privateRun(SuiteRunner.java:332)
at org.testng.SuiteRunner.run(SuiteRunner.java:276)
at org.testng.SuiteRunnerWorker.runSuite(SuiteRunnerWorker.java:53)
at org.testng.SuiteRunnerWorker.run(SuiteRunnerWorker.java:96)
at org.testng.TestNG.runSuitesSequentially(TestNG.java:1212)
at org.testng.TestNG.runSuitesLocally(TestNG.java:1134)
at org.testng.TestNG.runSuites(TestNG.java:1063)
at org.testng.TestNG.run(TestNG.java:1031)
at org.testng.remote.AbstractRemoteTestNG.run(AbstractRemoteTestNG.java:115)
at org.testng.remote.RemoteTestNG.initAndRun(RemoteTestNG.java:251)
at org.testng.remote.RemoteTestNG.main(RemoteTestNG.java:77)
]]>
            </full-stacktrace>
          </exception> <!-- org.openqa.selenium.NoSuchElementException -->
          <reporter-output>
          </reporter-output>
        </test-method> <!-- TopDeals -->
        <test-method is-config="true" signature="resultTest(org.testng.ITestResult)[pri:0, instance:Scenarios.Top_Deals@7e3060d8]" started-at="2023-01-21T20:04:54 IST" name="resultTest" finished-at="2023-01-21T20:04:55 IST" duration-ms="1135" status="PASS">
          <params>
            <param index="0">
              <value>
                <![CDATA[[TestResult name=TopDeals status=FAILURE method=Top_Deals.TopDeals()[pri:4, instance:Scenarios.Top_Deals@7e3060d8] output={null}]]]>
              </value>
            </param>
          </params>
          <reporter-output>
          </reporter-output>
        </test-method> <!-- resultTest -->
      </class> <!-- Scenarios.Top_Deals -->
      <class name="Scenarios.Add_Tomato">
        <test-method is-config="true" signature="initializeWebDriver()[pri:0, instance:Scenarios.Add_Tomato@2692b61e]" started-at="2023-01-21T20:05:19 IST" name="initializeWebDriver" finished-at="2023-01-21T20:05:20 IST" duration-ms="1277" status="PASS">
          <reporter-output>
          </reporter-output>
        </test-method> <!-- initializeWebDriver -->
        <test-method is-config="true" signature="navigateSite()[pri:0, instance:Scenarios.Add_Tomato@2692b61e]" started-at="2023-01-21T20:05:20 IST" name="navigateSite" finished-at="2023-01-21T20:05:21 IST" duration-ms="945" status="PASS">
          <reporter-output>
          </reporter-output>
        </test-method> <!-- navigateSite -->
        <test-method is-config="true" signature="startTest(java.lang.reflect.Method)[pri:0, instance:Scenarios.Add_Tomato@2692b61e]" started-at="2023-01-21T20:05:21 IST" name="startTest" finished-at="2023-01-21T20:05:21 IST" duration-ms="0" status="PASS">
          <params>
            <param index="0">
              <value>
                <![CDATA[public void Scenarios.Add_Tomato.add_Tomato() throws java.lang.InterruptedException]]>
              </value>
            </param>
          </params>
          <reporter-output>
          </reporter-output>
        </test-method> <!-- startTest -->
        <test-method signature="add_Tomato()[pri:6, instance:Scenarios.Add_Tomato@2692b61e]" started-at="2023-01-21T20:05:21 IST" name="add_Tomato" finished-at="2023-01-21T20:05:24 IST" duration-ms="2414" status="PASS">
          <reporter-output>
          </reporter-output>
        </test-method> <!-- add_Tomato -->
        <test-method is-config="true" signature="resultTest(org.testng.ITestResult)[pri:0, instance:Scenarios.Add_Tomato@2692b61e]" started-at="2023-01-21T20:05:24 IST" name="resultTest" finished-at="2023-01-21T20:05:24 IST" duration-ms="637" status="PASS">
          <params>
            <param index="0">
              <value>
                <![CDATA[[TestResult name=add_Tomato status=SUCCESS method=Add_Tomato.add_Tomato()[pri:6, instance:Scenarios.Add_Tomato@2692b61e] output={null}]]]>
              </value>
            </param>
          </params>
          <reporter-output>
          </reporter-output>
        </test-method> <!-- resultTest -->
      </class> <!-- Scenarios.Add_Tomato -->
      <class name="Scenarios.Remove_From_ItemPrice">
        <test-method is-config="true" signature="initializeWebDriver()[pri:0, instance:Scenarios.Remove_From_ItemPrice@55e8ec2f]" started-at="2023-01-21T20:06:00 IST" name="initializeWebDriver" finished-at="2023-01-21T20:06:02 IST" duration-ms="1267" status="PASS">
          <reporter-output>
          </reporter-output>
        </test-method> <!-- initializeWebDriver -->
        <test-method is-config="true" signature="navigateSite()[pri:0, instance:Scenarios.Remove_From_ItemPrice@55e8ec2f]" started-at="2023-01-21T20:06:02 IST" name="navigateSite" finished-at="2023-01-21T20:06:06 IST" duration-ms="4248" status="PASS">
          <reporter-output>
          </reporter-output>
        </test-method> <!-- navigateSite -->
        <test-method is-config="true" signature="startTest(java.lang.reflect.Method)[pri:0, instance:Scenarios.Remove_From_ItemPrice@55e8ec2f]" started-at="2023-01-21T20:06:06 IST" name="startTest" finished-at="2023-01-21T20:06:06 IST" duration-ms="2" status="PASS">
          <params>
            <param index="0">
              <value>
                <![CDATA[public void Scenarios.Remove_From_ItemPrice.Remove_From_ItemPrice() throws java.lang.InterruptedException]]>
              </value>
            </param>
          </params>
          <reporter-output>
          </reporter-output>
        </test-method> <!-- startTest -->
        <test-method signature="Remove_From_ItemPrice()[pri:10, instance:Scenarios.Remove_From_ItemPrice@55e8ec2f]" started-at="2023-01-21T20:06:06 IST" name="Remove_From_ItemPrice" finished-at="2023-01-21T20:06:29 IST" duration-ms="23216" status="PASS">
          <reporter-output>
          </reporter-output>
        </test-method> <!-- Remove_From_ItemPrice -->
        <test-method is-config="true" signature="resultTest(org.testng.ITestResult)[pri:0, instance:Scenarios.Remove_From_ItemPrice@55e8ec2f]" started-at="2023-01-21T20:06:29 IST" name="resultTest" finished-at="2023-01-21T20:06:30 IST" duration-ms="815" status="PASS">
          <params>
            <param index="0">
              <value>
                <![CDATA[[TestResult name=Remove_From_ItemPrice status=SUCCESS method=Remove_From_ItemPrice.Remove_From_ItemPrice()[pri:10, instance:Scenarios.Remove_From_ItemPrice@55e8ec2f] output={null}]]]>
              </value>
            </param>
          </params>
          <reporter-output>
          </reporter-output>
        </test-method> <!-- resultTest -->
      </class> <!-- Scenarios.Remove_From_ItemPrice -->
    </test> <!-- Test -->
  </suite> <!-- Suite -->
</testng-results>
